The system is: Windows - 10.0.18363 - AMD64
Compiling the C compiler identification source file "CMakeCCompilerId.c" succeeded.
Compiler: C:/Program Files (x86)/Microsoft Visual Studio/2019/Community/Comun/VC/Tools/MSVC/14.26.28801/bin/Hostx86/x86/cl.exe 
Build flags: 
Id flags:  

The output was:
0
Compilador de optimización de C/C++ de Microsoft (R) versión 19.26.28806 para x86
(C) Microsoft Corporation. Todos los derechos reservados.

CMakeCCompilerId.c
Microsoft (R) Incremental Linker Version 14.26.28806.0
Copyright (C) Microsoft Corporation.  All rights reserved.

/out:CMakeCCompilerId.exe 
CMakeCCompilerId.obj 


Compilation of the C compiler identification source "CMakeCCompilerId.c" produced "CMakeCCompilerId.exe"

Compilation of the C compiler identification source "CMakeCCompilerId.c" produced "CMakeCCompilerId.obj"

The C compiler identification is MSVC, found in "C:/Users/CarlosCata/Documents/GitHub/Cuadros_Magicos/cmake-build-debug-visual-studio/CMakeFiles/3.16.5/CompilerIdC/CMakeCCompilerId.exe"

Determining if the C compiler works passed with the following output:
Change Dir: C:/Users/CarlosCata/Documents/GitHub/Cuadros_Magicos/cmake-build-debug-visual-studio/CMakeFiles/CMakeTmp

Run Build Command(s):nmake /nologo cmTC_30d24\fast && 	"C:\Program Files (x86)\Microsoft Visual Studio\2019\Community\Comun\VC\Tools\MSVC\14.26.28801\bin\HostX86\x86\nmake.exe" -f CMakeFiles\cmTC_30d24.dir\build.make /nologo -L                  CMakeFiles\cmTC_30d24.dir\build
Building C object CMakeFiles/cmTC_30d24.dir/testCCompiler.c.obj
	C:\PROGRA~2\MICROS~1\2019\COMMUN~1\Comun\VC\Tools\MSVC\1426~1.288\bin\Hostx86\x86\cl.exe @C:\Users\CARLOS~1\AppData\Local\Temp\nm9740.tmp
testCCompiler.c
Linking C executable cmTC_30d24.exe
	"C:\Program Files\JetBrains\CLion 2020.1.2\bin\cmake\win\bin\cmake.exe" -E vs_link_exe --intdir=CMakeFiles\cmTC_30d24.dir --rc=C:\PROGRA~2\WI3CF2~1\10\bin\100190~1.0\x86\rc.exe --mt=C:\PROGRA~2\WI3CF2~1\10\bin\100190~1.0\x86\mt.exe --manifests  -- C:\PROGRA~2\MICROS~1\2019\COMMUN~1\Comun\VC\Tools\MSVC\1426~1.288\bin\Hostx86\x86\link.exe /nologo @CMakeFiles\cmTC_30d24.dir\objects1.rsp @C:\Users\CARLOS~1\AppData\Local\Temp\nm9790.tmp



Detecting C compiler ABI info compiled with the following output:
Change Dir: C:/Users/CarlosCata/Documents/GitHub/Cuadros_Magicos/cmake-build-debug-visual-studio/CMakeFiles/CMakeTmp

Run Build Command(s):nmake /nologo cmTC_4ccaf\fast && 	"C:\Program Files (x86)\Microsoft Visual Studio\2019\Community\Comun\VC\Tools\MSVC\14.26.28801\bin\HostX86\x86\nmake.exe" -f CMakeFiles\cmTC_4ccaf.dir\build.make /nologo -L                  CMakeFiles\cmTC_4ccaf.dir\build
Building C object CMakeFiles/cmTC_4ccaf.dir/CMakeCCompilerABI.c.obj
	C:\PROGRA~2\MICROS~1\2019\COMMUN~1\Comun\VC\Tools\MSVC\1426~1.288\bin\Hostx86\x86\cl.exe @C:\Users\CARLOS~1\AppData\Local\Temp\nm9AEA.tmp
CMakeCCompilerABI.c
Linking C executable cmTC_4ccaf.exe
	"C:\Program Files\JetBrains\CLion 2020.1.2\bin\cmake\win\bin\cmake.exe" -E vs_link_exe --intdir=CMakeFiles\cmTC_4ccaf.dir --rc=C:\PROGRA~2\WI3CF2~1\10\bin\100190~1.0\x86\rc.exe --mt=C:\PROGRA~2\WI3CF2~1\10\bin\100190~1.0\x86\mt.exe --manifests  -- C:\PROGRA~2\MICROS~1\2019\COMMUN~1\Comun\VC\Tools\MSVC\1426~1.288\bin\Hostx86\x86\link.exe /nologo @CMakeFiles\cmTC_4ccaf.dir\objects1.rsp @C:\Users\CARLOS~1\AppData\Local\Temp\nm9B39.tmp



